    1  ls
    2  sudo apt install gcc
    3  sudo apt install make
    4  sudo snap install clion --classic
    5  sudo snap list
    6  clion.sh
    7  ;s
    8  ls
    9  cd snap
   10  ls
   11  cd snapd-desktop-integration/
   12  ls
   13  cd ..
   14  ls
   15  cd Downloads/
   16  ls
   17  cd ..
   18  ls
   19  /opt/clion/bin/clion.sh
   20  snap find "clion"
   21  cd snap
   22  ls
   23  cd snapd-desktop-integration/
   24  ls
   25  cd current
   26  ls
   27  cd ..
   28  ls
   29  /snap/bin/clion
   30  gcc main.c -o untitled
   31  chnod 777 untitled*
   32  ./untitle
   33  ./untitled
   34  pwd
   35  cd ~
   36  cd Desktop
   37  ls -latr
   38  mkdir ws1
   39  cd ws1
   40  wget -0 out.pdf https://tinyurl.com/yy94jltt
   41  wget -o out.pdf https://tinyurl.com/yy94jltt
   42  ls -latr
   43  history > worksheet1.log
